<?xml version="1.0" encoding="UTF-8"?>
<testng-results skipped="0" failed="0" total="1" passed="1">
  <reporter-output>
  </reporter-output>
  <suite name="Suite1" duration-ms="18266" started-at="2018-05-09T05:20:51Z" finished-at="2018-05-09T05:21:09Z">
    <groups>
      <group name="cucumber">
        <method signature="AbstractTestNGCucumberTests.feature(cucumber.api.testng.CucumberFeatureWrapper)[pri:0, instance:com.cucumber.framework.runner.login.LoginRunner@6eebc39e]" name="feature" class="cucumber.api.testng.AbstractTestNGCucumberTests"/>
      </group> <!-- cucumber -->
    </groups>
    <test name="Test -2" duration-ms="18266" started-at="2018-05-09T05:20:51Z" finished-at="2018-05-09T05:21:09Z">
      <class name="com.cucumber.framework.runner.login.LoginRunner">
        <test-method status="PASS" signature="setUpClass()[pri:0, instance:com.cucumber.framework.runner.login.LoginRunner@6eebc39e]" name="setUpClass" is-config="true" duration-ms="469" started-at="2018-05-09T10:50:51Z" finished-at="2018-05-09T10:50:51Z">
          <reporter-output>
          </reporter-output>
        </test-method> <!-- setUpClass -->
        <test-method status="PASS" signature="feature(cucumber.api.testng.CucumberFeatureWrapper)[pri:0, instance:com.cucumber.framework.runner.login.LoginRunner@6eebc39e]" name="feature" duration-ms="17627" started-at="2018-05-09T10:50:51Z" description="Runs Cucumber Feature" data-provider="features" finished-at="2018-05-09T10:51:09Z">
          <params>
            <param index="0">
              <value>
                <![CDATA[Login to application]]>
              </value>
            </param>
          </params>
          <reporter-output>
          </reporter-output>
        </test-method> <!-- feature -->
        <test-method status="PASS" signature="tearDownClass()[pri:0, instance:com.cucumber.framework.runner.login.LoginRunner@6eebc39e]" name="tearDownClass" is-config="true" duration-ms="33" started-at="2018-05-09T10:51:09Z" finished-at="2018-05-09T10:51:09Z">
          <reporter-output>
          </reporter-output>
        </test-method> <!-- tearDownClass -->
      </class> <!-- com.cucumber.framework.runner.login.LoginRunner -->
    </test> <!-- Test -2 -->
  </suite> <!-- Suite1 -->
</testng-results>
